<?xml version="1.0" encoding="UTF-8"?>
<!-- Generated by org.testng.reporters.JUnitXMLReporter -->
<testsuite ignored="0" hostname="DESKTOP-PN9KDUT" failures="1" tests="2" name="Error Validations Test" time="34.528" errors="0" timestamp="2024-06-07T12:41:34 GET">
  <testcase classname="Levan.SeleniumFramework.ErrorValidationsTest" name="loginErrorValidation" time="1.254"/>
  <testcase classname="Levan.SeleniumFramework.ErrorValidationsTest" name="productErrorValidation" time="23.903">
    <failure type="java.lang.AssertionError" message="expected [true] but found [false]">
      <![CDATA[java.lang.AssertionError: expected [true] but found [false]
at Levan.SeleniumFramework.ErrorValidationsTest.productErrorValidation(ErrorValidationsTest.java:40)
at java.base/java.util.ArrayList.forEach(ArrayList.java:1511)
at java.base/java.util.concurrent.FutureTask.run(FutureTask.java:264)
at java.base/java.util.concurrent.ThreadPoolExecutor.runWorker(ThreadPoolExecutor.java:1136)
at java.base/java.util.concurrent.ThreadPoolExecutor$Worker.run(ThreadPoolExecutor.java:635)
at java.base/java.lang.Thread.run(Thread.java:840)
... Removed 22 stack frames]]>
    </failure>
  </testcase> <!-- productErrorValidation -->
</testsuite> <!-- Error Validations Test -->
