<?xml version="1.0" encoding="UTF-8"?>
<testng-results ignored="0" total="5" passed="4" failed="1" skipped="0">
  <reporter-output>
  </reporter-output>
  <suite started-at="2024-06-07T12:47:48 GET" name="Suite" finished-at="2024-06-07T12:48:47 GET" duration-ms="59641">
    <groups>
      <group name="ErrorHandling">
        <method signature="ErrorValidationsTest.loginErrorValidation()[pri:0, instance:Levan.SeleniumFramework.ErrorValidationsTest@f68f0dc]" name="loginErrorValidation" class="Levan.SeleniumFramework.ErrorValidationsTest"/>
      </group> <!-- ErrorHandling -->
      <group name="Purchase">
        <method signature="SubmitOrderTest.submitOrder(java.util.HashMap)[pri:0, instance:Levan.SeleniumFramework.SubmitOrderTest@4c163e3]" name="submitOrder" class="Levan.SeleniumFramework.SubmitOrderTest"/>
      </group> <!-- Purchase -->
    </groups>
    <test started-at="2024-06-07T12:47:48 GET" name="Error Validations Test" finished-at="2024-06-07T12:48:29 GET" duration-ms="41292">
      <class name="Levan.SeleniumFramework.ErrorValidationsTest">
        <test-method is-config="true" signature="launchApp()[pri:0, instance:Levan.SeleniumFramework.ErrorValidationsTest@f68f0dc]" started-at="2024-06-07T12:47:48 GET" name="launchApp" finished-at="2024-06-07T12:47:57 GET" duration-ms="9267" status="PASS">
          <reporter-output>
          </reporter-output>
        </test-method> <!-- launchApp -->
        <test-method signature="loginErrorValidation()[pri:0, instance:Levan.SeleniumFramework.ErrorValidationsTest@f68f0dc]" started-at="2024-06-07T12:47:57 GET" name="loginErrorValidation" finished-at="2024-06-07T12:47:58 GET" duration-ms="1064" status="PASS">
          <reporter-output>
          </reporter-output>
        </test-method> <!-- loginErrorValidation -->
        <test-method is-config="true" signature="shoutDown()[pri:0, instance:Levan.SeleniumFramework.ErrorValidationsTest@f68f0dc]" started-at="2024-06-07T12:47:58 GET" name="shoutDown" finished-at="2024-06-07T12:47:59 GET" duration-ms="879" status="PASS">
          <reporter-output>
          </reporter-output>
        </test-method> <!-- shoutDown -->
        <test-method is-config="true" signature="launchApp()[pri:0, instance:Levan.SeleniumFramework.ErrorValidationsTest@f68f0dc]" started-at="2024-06-07T12:47:59 GET" name="launchApp" finished-at="2024-06-07T12:48:04 GET" duration-ms="5284" status="PASS">
          <reporter-output>
          </reporter-output>
        </test-method> <!-- launchApp -->
        <test-method signature="productErrorValidation()[pri:0, instance:Levan.SeleniumFramework.ErrorValidationsTest@f68f0dc]" started-at="2024-06-07T12:48:04 GET" name="productErrorValidation" finished-at="2024-06-07T12:48:28 GET" duration-ms="23879" status="FAIL">
          <exception class="java.lang.AssertionError">
            <message>
              <![CDATA[expected [true] but found [false]]]>
            </message>
            <full-stacktrace>
              <![CDATA[java.lang.AssertionError: expected [true] but found [false]
at org.testng.Assert.fail(Assert.java:111)
at org.testng.Assert.failNotEquals(Assert.java:1578)
at org.testng.Assert.assertTrue(Assert.java:57)
at org.testng.Assert.assertTrue(Assert.java:67)
at Levan.SeleniumFramework.ErrorValidationsTest.productErrorValidation(ErrorValidationsTest.java:40)
at java.base/jdk.internal.reflect.DirectMethodHandleAccessor.invoke(DirectMethodHandleAccessor.java:103)
at java.base/java.lang.reflect.Method.invoke(Method.java:580)
at org.testng.internal.invokers.MethodInvocationHelper.invokeMethod(MethodInvocationHelper.java:141)
at org.testng.internal.invokers.TestInvoker.invokeMethod(TestInvoker.java:686)
at org.testng.internal.invokers.TestInvoker.invokeTestMethod(TestInvoker.java:230)
at org.testng.internal.invokers.MethodRunner.runInSequence(MethodRunner.java:63)
at org.testng.internal.invokers.TestInvoker$MethodInvocationAgent.invoke(TestInvoker.java:992)
at org.testng.internal.invokers.TestInvoker.invokeTestMethods(TestInvoker.java:203)
at org.testng.internal.invokers.TestMethodWorker.invokeTestMethods(TestMethodWorker.java:154)
at org.testng.internal.invokers.TestMethodWorker.run(TestMethodWorker.java:134)
at java.base/java.util.ArrayList.forEach(ArrayList.java:1596)
at org.testng.TestRunner.privateRun(TestRunner.java:739)
at org.testng.TestRunner.run(TestRunner.java:614)
at org.testng.SuiteRunner.runTest(SuiteRunner.java:421)
at org.testng.SuiteRunner$SuiteWorker.run(SuiteRunner.java:463)
at org.testng.internal.thread.ThreadUtil.lambda$execute$0(ThreadUtil.java:64)
at java.base/java.util.concurrent.FutureTask.run(FutureTask.java:317)
at java.base/java.util.concurrent.ThreadPoolExecutor.runWorker(ThreadPoolExecutor.java:1144)
at java.base/java.util.concurrent.ThreadPoolExecutor$Worker.run(ThreadPoolExecutor.java:642)
at java.base/java.lang.Thread.run(Thread.java:1583)
]]>
            </full-stacktrace>
          </exception> <!-- java.lang.AssertionError -->
          <reporter-output>
          </reporter-output>
        </test-method> <!-- productErrorValidation -->
        <test-method is-config="true" signature="shoutDown()[pri:0, instance:Levan.SeleniumFramework.ErrorValidationsTest@f68f0dc]" started-at="2024-06-07T12:48:28 GET" name="shoutDown" finished-at="2024-06-07T12:48:29 GET" duration-ms="779" status="PASS">
          <reporter-output>
          </reporter-output>
        </test-method> <!-- shoutDown -->
      </class> <!-- Levan.SeleniumFramework.ErrorValidationsTest -->
    </test> <!-- Error Validations Test -->
    <test started-at="2024-06-07T12:47:48 GET" name="Test" finished-at="2024-06-07T12:48:47 GET" duration-ms="59641">
      <class name="Levan.SeleniumFramework.SubmitOrderTest">
        <test-method is-config="true" signature="launchApp()[pri:0, instance:Levan.SeleniumFramework.SubmitOrderTest@4c163e3]" started-at="2024-06-07T12:47:48 GET" name="launchApp" finished-at="2024-06-07T12:47:57 GET" duration-ms="9356" status="PASS">
          <reporter-output>
          </reporter-output>
        </test-method> <!-- launchApp -->
        <test-method signature="submitOrder(java.util.HashMap)[pri:0, instance:Levan.SeleniumFramework.SubmitOrderTest@4c163e3]" started-at="2024-06-07T12:47:57 GET" name="submitOrder" data-provider="getData" finished-at="2024-06-07T12:48:13 GET" duration-ms="15639" status="PASS">
          <params>
            <param index="0">
              <value>
                <![CDATA[{password=Armaxsovs1112, email=doctorr8@yahoo.com, productName=ZARA COAT 3}]]>
              </value>
            </param>
          </params>
          <reporter-output>
          </reporter-output>
        </test-method> <!-- submitOrder -->
        <test-method is-config="true" signature="shoutDown()[pri:0, instance:Levan.SeleniumFramework.SubmitOrderTest@4c163e3]" started-at="2024-06-07T12:48:13 GET" name="shoutDown" finished-at="2024-06-07T12:48:14 GET" duration-ms="846" status="PASS">
          <reporter-output>
          </reporter-output>
        </test-method> <!-- shoutDown -->
        <test-method is-config="true" signature="launchApp()[pri:0, instance:Levan.SeleniumFramework.SubmitOrderTest@4c163e3]" started-at="2024-06-07T12:48:14 GET" name="launchApp" finished-at="2024-06-07T12:48:19 GET" duration-ms="5666" status="PASS">
          <reporter-output>
          </reporter-output>
        </test-method> <!-- launchApp -->
        <test-method signature="submitOrder(java.util.HashMap)[pri:0, instance:Levan.SeleniumFramework.SubmitOrderTest@4c163e3]" started-at="2024-06-07T12:48:19 GET" name="submitOrder" data-provider="getData" finished-at="2024-06-07T12:48:35 GET" duration-ms="15653" status="PASS">
          <params>
            <param index="0">
              <value>
                <![CDATA[{password=Armaxsovs1112, email=tchlevan2@gmail.com, productName=ADIDAS ORIGINAL}]]>
              </value>
            </param>
          </params>
          <reporter-output>
          </reporter-output>
        </test-method> <!-- submitOrder -->
        <test-method is-config="true" signature="shoutDown()[pri:0, instance:Levan.SeleniumFramework.SubmitOrderTest@4c163e3]" started-at="2024-06-07T12:48:35 GET" name="shoutDown" finished-at="2024-06-07T12:48:38 GET" duration-ms="2837" status="PASS">
          <reporter-output>
          </reporter-output>
        </test-method> <!-- shoutDown -->
        <test-method is-config="true" signature="launchApp()[pri:0, instance:Levan.SeleniumFramework.SubmitOrderTest@4c163e3]" started-at="2024-06-07T12:48:38 GET" name="launchApp" finished-at="2024-06-07T12:48:44 GET" duration-ms="5841" status="PASS">
          <reporter-output>
          </reporter-output>
        </test-method> <!-- launchApp -->
        <test-method signature="OrderHistoryTest()[pri:0, instance:Levan.SeleniumFramework.SubmitOrderTest@4c163e3]" started-at="2024-06-07T12:48:44 GET" name="OrderHistoryTest" finished-at="2024-06-07T12:48:44 GET" depends-on-methods="Levan.SeleniumFramework.SubmitOrderTest.submitOrder" duration-ms="715" status="PASS">
          <reporter-output>
          </reporter-output>
        </test-method> <!-- OrderHistoryTest -->
        <test-method is-config="true" signature="shoutDown()[pri:0, instance:Levan.SeleniumFramework.SubmitOrderTest@4c163e3]" started-at="2024-06-07T12:48:44 GET" name="shoutDown" finished-at="2024-06-07T12:48:47 GET" duration-ms="2836" status="PASS">
          <reporter-output>
          </reporter-output>
        </test-method> <!-- shoutDown -->
      </class> <!-- Levan.SeleniumFramework.SubmitOrderTest -->
    </test> <!-- Test -->
  </suite> <!-- Suite -->
</testng-results>
